#
# There is insufficient memory for the Java Runtime Environment to continue.
# Native memory allocation (malloc) failed to allocate 112976 bytes for Chunk::new
# Possible reasons:
#   The system is out of physical RAM or swap space
#   The process is running with CompressedOops enabled, and the Java Heap may be blocking the growth of the native heap
# Possible solutions:
#   Reduce memory load on the system
#   Increase physical memory or swap space
#   Check if swap backing store is full
#   Decrease Java heap size (-Xmx/-Xms)
#   Decrease number of Java threads
#   Decrease Java thread stack sizes (-Xss)
#   Set larger code cache with -XX:ReservedCodeCacheSize=
#   JVM is running with Unscaled Compressed Oops mode in which the Java heap is
#     placed in the first 4GB address space. The Java Heap base address is the
#     maximum limit for the native heap growth. Please use -XX:HeapBaseMinAddress
#     to set the Java Heap base and to place the Java Heap above 4GB virtual address.
# This output file may be truncated or incomplete.
#
#  Out of Memory Error (arena.cpp:189), pid=42016, tid=33048
#
# JRE version: OpenJDK Runtime Environment JBR-17.0.3+7-469.37-jcef (17.0.3+7) (build 17.0.3+7-b469.37)
# Java VM: OpenJDK 64-Bit Server VM JBR-17.0.3+7-469.37-jcef (17.0.3+7-b469.37, mixed mode, tiered, compressed oops, compressed class ptrs, g1 gc, windows-amd64)
# No core dump will be written. Minidumps are not enabled by default on client versions of Windows
#

---------------  S U M M A R Y ------------

Command Line: git4idea.http.GitAskPassApp Username for 'https://github.com': 

Host: Intel(R) Core(TM) i5-8265U CPU @ 1.60GHz, 8 cores, 7G,  Windows 10 , 64 bit Build 19041 (10.0.19041.1889)
Time: Sun Sep 25 15:48:28 2022 Mitteleuropäische Sommerzeit elapsed time: 0.378390 seconds (0d 0h 0m 0s)

---------------  T H R E A D  ---------------

Current thread (0x000001e043879c10):  JavaThread "C2 CompilerThread0" daemon [_thread_in_native, id=33048, stack(0x000000acec900000,0x000000aceca00000)]


Current CompileTask:
C2:    378  161 %     4       java.util.zip.ZipFile$Source::initCEN @ 240 (591 bytes)

Stack: [0x000000acec900000,0x000000aceca00000]
Native frames: (J=compiled Java code, j=interpreted, Vv=VM code, C=native code)
V  [jvm.dll+0x681f8a]
V  [jvm.dll+0x83e374]
V  [jvm.dll+0x83fb1e]
V  [jvm.dll+0x840183]
V  [jvm.dll+0x2492a5]
V  [jvm.dll+0xabd5c]
V  [jvm.dll+0xac32c]
V  [jvm.dll+0x368182]
V  [jvm.dll+0x1bc3d5]
V  [jvm.dll+0x21baa9]
V  [jvm.dll+0x21ad71]
V  [jvm.dll+0x1a49dd]
V  [jvm.dll+0x22a7e8]
V  [jvm.dll+0x228891]
V  [jvm.dll+0x7f3d6c]
V  [jvm.dll+0x7ee2ea]
V  [jvm.dll+0x680dc5]
C  [ucrtbase.dll+0x21bb2]
C  [KERNEL32.DLL+0x17034]
C  [ntdll.dll+0x526a1]


---------------  P R O C E S S  ---------------

Threads class SMR info:
_java_thread_list=0x000001e0439de230, length=12, elements={
0x000001e028d88810, 0x000001e043828b70, 0x000001e043829b70, 0x000001e043872680,
0x000001e043876150, 0x000001e043876b00, 0x000001e0438774b0, 0x000001e043879c10,
0x000001e043895b90, 0x000001e0438a0d60, 0x000001e0439febb0, 0x000001e043a0f650
}

Java Threads: ( => current thread )
  0x000001e028d88810 JavaThread "main" [_thread_in_Java, id=23956, stack(0x000000acebc00000,0x000000acebd00000)]
  0x000001e043828b70 JavaThread "Reference Handler" daemon [_thread_blocked, id=31260, stack(0x000000acec300000,0x000000acec400000)]
  0x000001e043829b70 JavaThread "Finalizer" daemon [_thread_blocked, id=42280, stack(0x000000acec400000,0x000000acec500000)]
  0x000001e043872680 JavaThread "Signal Dispatcher" daemon [_thread_blocked, id=11096, stack(0x000000acec500000,0x000000acec600000)]
  0x000001e043876150 JavaThread "Attach Listener" daemon [_thread_blocked, id=14876, stack(0x000000acec600000,0x000000acec700000)]
  0x000001e043876b00 JavaThread "Service Thread" daemon [_thread_blocked, id=9380, stack(0x000000acec700000,0x000000acec800000)]
  0x000001e0438774b0 JavaThread "Monitor Deflation Thread" daemon [_thread_blocked, id=30484, stack(0x000000acec800000,0x000000acec900000)]
=>0x000001e043879c10 JavaThread "C2 CompilerThread0" daemon [_thread_in_native, id=33048, stack(0x000000acec900000,0x000000aceca00000)]
  0x000001e043895b90 JavaThread "C1 CompilerThread0" daemon [_thread_in_vm, id=19664, stack(0x000000aceca00000,0x000000acecb00000)]
  0x000001e0438a0d60 JavaThread "Sweeper thread" daemon [_thread_blocked, id=38308, stack(0x000000acecb00000,0x000000acecc00000)]
  0x000001e0439febb0 JavaThread "Notification Thread" daemon [_thread_blocked, id=42536, stack(0x000000acecc00000,0x000000acecd00000)]
  0x000001e043a0f650 JavaThread "Common-Cleaner" daemon [_thread_blocked, id=34988, stack(0x000000acece00000,0x000000acecf00000)]

Other Threads:
  0x000001e04381e040 VMThread "VM Thread" [stack: 0x000000acec200000,0x000000acec300000] [id=5716]
  0x000001e028e0a7a0 WatcherThread [stack: 0x000000acecd00000,0x000000acece00000] [id=17300]
  0x000001e028de3f50 GCTaskThread "GC Thread#0" [stack: 0x000000acebd00000,0x000000acebe00000] [id=41956]
  0x000001e028df4b50 ConcurrentGCThread "G1 Main Marker" [stack: 0x000000acebe00000,0x000000acebf00000] [id=17884]
  0x000001e028df5560 ConcurrentGCThread "G1 Conc#0" [stack: 0x000000acebf00000,0x000000acec000000] [id=21544]
  0x000001e042c45c80 ConcurrentGCThread "G1 Refine#0" [stack: 0x000000acec000000,0x000000acec100000] [id=42332]
  0x000001e042c466a0 ConcurrentGCThread "G1 Service" [stack: 0x000000acec100000,0x000000acec200000] [id=41164]

Threads with active compile tasks:
C2 CompilerThread0      440  161 %     4       java.util.zip.ZipFile$Source::initCEN @ 240 (591 bytes)
C1 CompilerThread0      441  246       3       sun.util.locale.StringTokenIterator::nextDelimiter (116 bytes)

VM state: not at safepoint (normal execution)

VM Mutex/Monitor currently owned by a thread: None

Heap address: 0x0000000081a00000, size: 2022 MB, Compressed Oops mode: 32-bit

CDS archive(s) not mapped
Compressed class space mapped at: 0x0000000100000000-0x0000000140000000, reserved size: 1073741824
Narrow klass base: 0x0000000000000000, Narrow klass shift: 3, Narrow klass range: 0x140000000

GC Precious Log:
 CPUs: 8 total, 8 available
 Memory: 8080M
 Large Page Support: Disabled
 NUMA Support: Disabled
 Compressed Oops: Enabled (32-bit)
 Heap Region Size: 1M
 Heap Min Capacity: 8M
 Heap Initial Capacity: 128M
 Heap Max Capacity: 2022M
 Pre-touch: Disabled
 Parallel Workers: 8
 Concurrent Workers: 2
 Concurrent Refinement Workers: 8
 Periodic GC: Disabled

Heap:
 garbage-first heap   total 131072K, used 16384K [0x0000000081a00000, 0x0000000100000000)
  region size 1024K, 3 young (3072K), 0 survivors (0K)
 Metaspace       used 7296K, committed 7424K, reserved 1056768K
  class space    used 645K, committed 704K, reserved 1048576K

Heap Regions: E=young(eden), S=young(survivor), O=old, HS=humongous(starts), HC=humongous(continues), CS=collection set, F=free, OA=open archive, CA=closed archive, TAMS=top-at-mark-start (previous, next)
|   0|0x0000000081a00000, 0x0000000081b00000, 0x0000000081b00000|100%|HS|  |TAMS 0x0000000081a00000, 0x0000000081a00000| Complete 
|   1|0x0000000081b00000, 0x0000000081c00000, 0x0000000081c00000|100%|HC|  |TAMS 0x0000000081b00000, 0x0000000081b00000| Complete 
|   2|0x0000000081c00000, 0x0000000081d00000, 0x0000000081d00000|100%|HC|  |TAMS 0x0000000081c00000, 0x0000000081c00000| Complete 
|   3|0x0000000081d00000, 0x0000000081e00000, 0x0000000081e00000|100%|HC|  |TAMS 0x0000000081d00000, 0x0000000081d00000| Complete 
|   4|0x0000000081e00000, 0x0000000081f00000, 0x0000000081f00000|100%|HC|  |TAMS 0x0000000081e00000, 0x0000000081e00000| Complete 
|   5|0x0000000081f00000, 0x0000000082000000, 0x0000000082000000|100%|HC|  |TAMS 0x0000000081f00000, 0x0000000081f00000| Complete 
|   6|0x0000000082000000, 0x0000000082100000, 0x0000000082100000|100%|HC|  |TAMS 0x0000000082000000, 0x0000000082000000| Complete 
|   7|0x0000000082100000, 0x0000000082200000, 0x0000000082200000|100%|HC|  |TAMS 0x0000000082100000, 0x0000000082100000| Complete 
|   8|0x0000000082200000, 0x0000000082300000, 0x0000000082300000|100%|HC|  |TAMS 0x0000000082200000, 0x0000000082200000| Complete 
|   9|0x0000000082300000, 0x0000000082400000, 0x0000000082400000|100%|HC|  |TAMS 0x0000000082300000, 0x0000000082300000| Complete 
|  10|0x0000000082400000, 0x0000000082500000, 0x0000000082500000|100%|HS|  |TAMS 0x0000000082400000, 0x0000000082400000| Complete 
|  11|0x0000000082500000, 0x0000000082600000, 0x0000000082600000|100%|HC|  |TAMS 0x0000000082500000, 0x0000000082500000| Complete 
|  12|0x0000000082600000, 0x0000000082700000, 0x0000000082700000|100%|HS|  |TAMS 0x0000000082600000, 0x0000000082600000| Complete 
|  13|0x0000000082700000, 0x0000000082800000, 0x0000000082800000|100%|HC|  |TAMS 0x0000000082700000, 0x0000000082700000| Complete 
|  14|0x0000000082800000, 0x0000000082800000, 0x0000000082900000|  0%| F|  |TAMS 0x0000000082800000, 0x0000000082800000| Untracked 
|  15|0x0000000082900000, 0x0000000082900000, 0x0000000082a00000|  0%| F|  |TAMS 0x0000000082900000, 0x0000000082900000| Untracked 
|  16|0x0000000082a00000, 0x0000000082a00000, 0x0000000082b00000|  0%| F|  |TAMS 0x0000000082a00000, 0x0000000082a00000| Untracked 
|  17|0x0000000082b00000, 0x0000000082b00000, 0x0000000082c00000|  0%| F|  |TAMS 0x0000000082b00000, 0x0000000082b00000| Untracked 
|  18|0x0000000082c00000, 0x0000000082c00000, 0x0000000082d00000|  0%| F|  |TAMS 0x0000000082c00000, 0x0000000082c00000| Untracked 
|  19|0x0000000082d00000, 0x0000000082d00000, 0x0000000082e00000|  0%| F|  |TAMS 0x0000000082d00000, 0x0000000082d00000| Untracked 
|  20|0x0000000082e00000, 0x0000000082e00000, 0x0000000082f00000|  0%| F|  |TAMS 0x0000000082e00000, 0x0000000082e00000| Untracked 
|  21|0x0000000082f00000, 0x0000000082f00000, 0x0000000083000000|  0%| F|  |TAMS 0x0000000082f00000, 0x0000000082f00000| Untracked 
|  22|0x0000000083000000, 0x0000000083000000, 0x0000000083100000|  0%| F|  |TAMS 0x0000000083000000, 0x0000000083000000| Untracked 
|  23|0x0000000083100000, 0x0000000083100000, 0x0000000083200000|  0%| F|  |TAMS 0x0000000083100000, 0x0000000083100000| Untracked 
|  24|0x0000000083200000, 0x0000000083200000, 0x0000000083300000|  0%| F|  |TAMS 0x0000000083200000, 0x0000000083200000| Untracked 
|  25|0x0000000083300000, 0x0000000083300000, 0x0000000083400000|  0%| F|  |TAMS 0x0000000083300000, 0x0000000083300000| Untracked 
|  26|0x0000000083400000, 0x0000000083400000, 0x0000000083500000|  0%| F|  |TAMS 0x0000000083400000, 0x0000000083400000| Untracked 
|  27|0x0000000083500000, 0x0000000083500000, 0x0000000083600000|  0%| F|  |TAMS 0x0000000083500000, 0x0000000083500000| Untracked 
|  28|0x0000000083600000, 0x0000000083600000, 0x0000000083700000|  0%| F|  |TAMS 0x0000000083600000, 0x0000000083600000| Untracked 
|  29|0x0000000083700000, 0x0000000083700000, 0x0000000083800000|  0%| F|  |TAMS 0x0000000083700000, 0x0000000083700000| Untracked 
|  30|0x0000000083800000, 0x0000000083800000, 0x0000000083900000|  0%| F|  |TAMS 0x0000000083800000, 0x0000000083800000| Untracked 
|  31|0x0000000083900000, 0x0000000083900000, 0x0000000083a00000|  0%| F|  |TAMS 0x0000000083900000, 0x0000000083900000| Untracked 
|  32|0x0000000083a00000, 0x0000000083a00000, 0x0000000083b00000|  0%| F|  |TAMS 0x0000000083a00000, 0x0000000083a00000| Untracked 
|  33|0x0000000083b00000, 0x0000000083b00000, 0x0000000083c00000|  0%| F|  |TAMS 0x0000000083b00000, 0x0000000083b00000| Untracked 
|  34|0x0000000083c00000, 0x0000000083c00000, 0x0000000083d00000|  0%| F|  |TAMS 0x0000000083c00000, 0x0000000083c00000| Untracked 
|  35|0x0000000083d00000, 0x0000000083d00000, 0x0000000083e00000|  0%| F|  |TAMS 0x0000000083d00000, 0x0000000083d00000| Untracked 
|  36|0x0000000083e00000, 0x0000000083e00000, 0x0000000083f00000|  0%| F|  |TAMS 0x0000000083e00000, 0x0000000083e00000| Untracked 
|  37|0x0000000083f00000, 0x0000000083f00000, 0x0000000084000000|  0%| F|  |TAMS 0x0000000083f00000, 0x0000000083f00000| Untracked 
|  38|0x0000000084000000, 0x0000000084000000, 0x0000000084100000|  0%| F|  |TAMS 0x0000000084000000, 0x0000000084000000| Untracked 
|  39|0x0000000084100000, 0x0000000084100000, 0x0000000084200000|  0%| F|  |TAMS 0x0000000084100000, 0x0000000084100000| Untracked 
|  40|0x0000000084200000, 0x0000000084200000, 0x0000000084300000|  0%| F|  |TAMS 0x0000000084200000, 0x0000000084200000| Untracked 
|  41|0x0000000084300000, 0x0000000084300000, 0x0000000084400000|  0%| F|  |TAMS 0x0000000084300000, 0x0000000084300000| Untracked 
|  42|0x0000000084400000, 0x0000000084400000, 0x0000000084500000|  0%| F|  |TAMS 0x0000000084400000, 0x0000000084400000| Untracked 
|  43|0x0000000084500000, 0x0000000084500000, 0x0000000084600000|  0%| F|  |TAMS 0x0000000084500000, 0x0000000084500000| Untracked 
|  44|0x0000000084600000, 0x0000000084600000, 0x0000000084700000|  0%| F|  |TAMS 0x0000000084600000, 0x0000000084600000| Untracked 
|  45|0x0000000084700000, 0x0000000084700000, 0x0000000084800000|  0%| F|  |TAMS 0x0000000084700000, 0x0000000084700000| Untracked 
|  46|0x0000000084800000, 0x0000000084800000, 0x0000000084900000|  0%| F|  |TAMS 0x0000000084800000, 0x0000000084800000| Untracked 
|  47|0x0000000084900000, 0x0000000084900000, 0x0000000084a00000|  0%| F|  |TAMS 0x0000000084900000, 0x0000000084900000| Untracked 
|  48|0x0000000084a00000, 0x0000000084a00000, 0x0000000084b00000|  0%| F|  |TAMS 0x0000000084a00000, 0x0000000084a00000| Untracked 
|  49|0x0000000084b00000, 0x0000000084b00000, 0x0000000084c00000|  0%| F|  |TAMS 0x0000000084b00000, 0x0000000084b00000| Untracked 
|  50|0x0000000084c00000, 0x0000000084c00000, 0x0000000084d00000|  0%| F|  |TAMS 0x0000000084c00000, 0x0000000084c00000| Untracked 
|  51|0x0000000084d00000, 0x0000000084d00000, 0x0000000084e00000|  0%| F|  |TAMS 0x0000000084d00000, 0x0000000084d00000| Untracked 
|  52|0x0000000084e00000, 0x0000000084e00000, 0x0000000084f00000|  0%| F|  |TAMS 0x0000000084e00000, 0x0000000084e00000| Untracked 
|  53|0x0000000084f00000, 0x0000000084f00000, 0x0000000085000000|  0%| F|  |TAMS 0x0000000084f00000, 0x0000000084f00000| Untracked 
|  54|0x0000000085000000, 0x0000000085000000, 0x0000000085100000|  0%| F|  |TAMS 0x0000000085000000, 0x0000000085000000| Untracked 
|  55|0x0000000085100000, 0x0000000085100000, 0x0000000085200000|  0%| F|  |TAMS 0x0000000085100000, 0x0000000085100000| Untracked 
|  56|0x0000000085200000, 0x0000000085200000, 0x0000000085300000|  0%| F|  |TAMS 0x0000000085200000, 0x0000000085200000| Untracked 
|  57|0x0000000085300000, 0x0000000085300000, 0x0000000085400000|  0%| F|  |TAMS 0x0000000085300000, 0x0000000085300000| Untracked 
|  58|0x0000000085400000, 0x0000000085400000, 0x0000000085500000|  0%| F|  |TAMS 0x0000000085400000, 0x0000000085400000| Untracked 
|  59|0x0000000085500000, 0x0000000085500000, 0x0000000085600000|  0%| F|  |TAMS 0x0000000085500000, 0x0000000085500000| Untracked 
|  60|0x0000000085600000, 0x0000000085600000, 0x0000000085700000|  0%| F|  |TAMS 0x0000000085600000, 0x0000000085600000| Untracked 
|  61|0x0000000085700000, 0x0000000085700000, 0x0000000085800000|  0%| F|  |TAMS 0x0000000085700000, 0x0000000085700000| Untracked 
|  62|0x0000000085800000, 0x0000000085800000, 0x0000000085900000|  0%| F|  |TAMS 0x0000000085800000, 0x0000000085800000| Untracked 
|  63|0x0000000085900000, 0x0000000085900000, 0x0000000085a00000|  0%| F|  |TAMS 0x0000000085900000, 0x0000000085900000| Untracked 
|  64|0x0000000085a00000, 0x0000000085a00000, 0x0000000085b00000|  0%| F|  |TAMS 0x0000000085a00000, 0x0000000085a00000| Untracked 
|  65|0x0000000085b00000, 0x0000000085b00000, 0x0000000085c00000|  0%| F|  |TAMS 0x0000000085b00000, 0x0000000085b00000| Untracked 
|  66|0x0000000085c00000, 0x0000000085c00000, 0x0000000085d00000|  0%| F|  |TAMS 0x0000000085c00000, 0x0000000085c00000| Untracked 
|  67|0x0000000085d00000, 0x0000000085d00000, 0x0000000085e00000|  0%| F|  |TAMS 0x0000000085d00000, 0x0000000085d00000| Untracked 
|  68|0x0000000085e00000, 0x0000000085e00000, 0x0000000085f00000|  0%| F|  |TAMS 0x0000000085e00000, 0x0000000085e00000| Untracked 
|  69|0x0000000085f00000, 0x0000000085f00000, 0x0000000086000000|  0%| F|  |TAMS 0x0000000085f00000, 0x0000000085f00000| Untracked 
|  70|0x0000000086000000, 0x0000000086000000, 0x0000000086100000|  0%| F|  |TAMS 0x0000000086000000, 0x0000000086000000| Untracked 
|  71|0x0000000086100000, 0x0000000086100000, 0x0000000086200000|  0%| F|  |TAMS 0x0000000086100000, 0x0000000086100000| Untracked 
|  72|0x0000000086200000, 0x0000000086200000, 0x0000000086300000|  0%| F|  |TAMS 0x0000000086200000, 0x0000000086200000| Untracked 
|  73|0x0000000086300000, 0x0000000086300000, 0x0000000086400000|  0%| F|  |TAMS 0x0000000086300000, 0x0000000086300000| Untracked 
|  74|0x0000000086400000, 0x0000000086400000, 0x0000000086500000|  0%| F|  |TAMS 0x0000000086400000, 0x0000000086400000| Untracked 
|  75|0x0000000086500000, 0x0000000086500000, 0x0000000086600000|  0%| F|  |TAMS 0x0000000086500000, 0x0000000086500000| Untracked 
|  76|0x0000000086600000, 0x0000000086600000, 0x0000000086700000|  0%| F|  |TAMS 0x0000000086600000, 0x0000000086600000| Untracked 
|  77|0x0000000086700000, 0x0000000086700000, 0x0000000086800000|  0%| F|  |TAMS 0x0000000086700000, 0x0000000086700000| Untracked 
|  78|0x0000000086800000, 0x0000000086800000, 0x0000000086900000|  0%| F|  |TAMS 0x0000000086800000, 0x0000000086800000| Untracked 
|  79|0x0000000086900000, 0x0000000086900000, 0x0000000086a00000|  0%| F|  |TAMS 0x0000000086900000, 0x0000000086900000| Untracked 
|  80|0x0000000086a00000, 0x0000000086a00000, 0x0000000086b00000|  0%| F|  |TAMS 0x0000000086a00000, 0x0000000086a00000| Untracked 
|  81|0x0000000086b00000, 0x0000000086b00000, 0x0000000086c00000|  0%| F|  |TAMS 0x0000000086b00000, 0x0000000086b00000| Untracked 
|  82|0x0000000086c00000, 0x0000000086c00000, 0x0000000086d00000|  0%| F|  |TAMS 0x0000000086c00000, 0x0000000086c00000| Untracked 
|  83|0x0000000086d00000, 0x0000000086d00000, 0x0000000086e00000|  0%| F|  |TAMS 0x0000000086d00000, 0x0000000086d00000| Untracked 
|  84|0x0000000086e00000, 0x0000000086e00000, 0x0000000086f00000|  0%| F|  |TAMS 0x0000000086e00000, 0x0000000086e00000| Untracked 
|  85|0x0000000086f00000, 0x0000000086f00000, 0x0000000087000000|  0%| F|  |TAMS 0x0000000086f00000, 0x0000000086f00000| Untracked 
|  86|0x0000000087000000, 0x0000000087000000, 0x0000000087100000|  0%| F|  |TAMS 0x0000000087000000, 0x0000000087000000| Untracked 
|  87|0x0000000087100000, 0x0000000087100000, 0x0000000087200000|  0%| F|  |TAMS 0x0000000087100000, 0x0000000087100000| Untracked 
|  88|0x0000000087200000, 0x0000000087200000, 0x0000000087300000|  0%| F|  |TAMS 0x0000000087200000, 0x0000000087200000| Untracked 
|  89|0x0000000087300000, 0x0000000087300000, 0x0000000087400000|  0%| F|  |TAMS 0x0000000087300000, 0x0000000087300000| Untracked 
|  90|0x0000000087400000, 0x0000000087400000, 0x0000000087500000|  0%| F|  |TAMS 0x0000000087400000, 0x0000000087400000| Untracked 
|  91|0x0000000087500000, 0x0000000087500000, 0x0000000087600000|  0%| F|  |TAMS 0x0000000087500000, 0x0000000087500000| Untracked 
|  92|0x0000000087600000, 0x0000000087600000, 0x0000000087700000|  0%| F|  |TAMS 0x0000000087600000, 0x0000000087600000| Untracked 
|  93|0x0000000087700000, 0x0000000087700000, 0x0000000087800000|  0%| F|  |TAMS 0x0000000087700000, 0x0000000087700000| Untracked 
|  94|0x0000000087800000, 0x0000000087800000, 0x0000000087900000|  0%| F|  |TAMS 0x0000000087800000, 0x0000000087800000| Untracked 
|  95|0x0000000087900000, 0x0000000087900000, 0x0000000087a00000|  0%| F|  |TAMS 0x0000000087900000, 0x0000000087900000| Untracked 
|  96|0x0000000087a00000, 0x0000000087a00000, 0x0000000087b00000|  0%| F|  |TAMS 0x0000000087a00000, 0x0000000087a00000| Untracked 
|  97|0x0000000087b00000, 0x0000000087b00000, 0x0000000087c00000|  0%| F|  |TAMS 0x0000000087b00000, 0x0000000087b00000| Untracked 
|  98|0x0000000087c00000, 0x0000000087c00000, 0x0000000087d00000|  0%| F|  |TAMS 0x0000000087c00000, 0x0000000087c00000| Untracked 
|  99|0x0000000087d00000, 0x0000000087d00000, 0x0000000087e00000|  0%| F|  |TAMS 0x0000000087d00000, 0x0000000087d00000| Untracked 
| 100|0x0000000087e00000, 0x0000000087e00000, 0x0000000087f00000|  0%| F|  |TAMS 0x0000000087e00000, 0x0000000087e00000| Untracked 
| 101|0x0000000087f00000, 0x0000000087f00000, 0x0000000088000000|  0%| F|  |TAMS 0x0000000087f00000, 0x0000000087f00000| Untracked 
| 102|0x0000000088000000, 0x0000000088000000, 0x0000000088100000|  0%| F|  |TAMS 0x0000000088000000, 0x0000000088000000| Untracked 
| 103|0x0000000088100000, 0x0000000088100000, 0x0000000088200000|  0%| F|  |TAMS 0x0000000088100000, 0x0000000088100000| Untracked 
| 104|0x0000000088200000, 0x0000000088200000, 0x0000000088300000|  0%| F|  |TAMS 0x0000000088200000, 0x0000000088200000| Untracked 
| 105|0x0000000088300000, 0x0000000088300000, 0x0000000088400000|  0%| F|  |TAMS 0x0000000088300000, 0x0000000088300000| Untracked 
| 106|0x0000000088400000, 0x0000000088400000, 0x0000000088500000|  0%| F|  |TAMS 0x0000000088400000, 0x0000000088400000| Untracked 
| 107|0x0000000088500000, 0x0000000088500000, 0x0000000088600000|  0%| F|  |TAMS 0x0000000088500000, 0x0000000088500000| Untracked 
| 108|0x0000000088600000, 0x0000000088600000, 0x0000000088700000|  0%| F|  |TAMS 0x0000000088600000, 0x0000000088600000| Untracked 
| 109|0x0000000088700000, 0x0000000088700000, 0x0000000088800000|  0%| F|  |TAMS 0x0000000088700000, 0x0000000088700000| Untracked 
| 110|0x0000000088800000, 0x0000000088800000, 0x0000000088900000|  0%| F|  |TAMS 0x0000000088800000, 0x0000000088800000| Untracked 
| 111|0x0000000088900000, 0x0000000088900000, 0x0000000088a00000|  0%| F|  |TAMS 0x0000000088900000, 0x0000000088900000| Untracked 
| 112|0x0000000088a00000, 0x0000000088a00000, 0x0000000088b00000|  0%| F|  |TAMS 0x0000000088a00000, 0x0000000088a00000| Untracked 
| 113|0x0000000088b00000, 0x0000000088b00000, 0x0000000088c00000|  0%| F|  |TAMS 0x0000000088b00000, 0x0000000088b00000| Untracked 
| 114|0x0000000088c00000, 0x0000000088c00000, 0x0000000088d00000|  0%| F|  |TAMS 0x0000000088c00000, 0x0000000088c00000| Untracked 
| 115|0x0000000088d00000, 0x0000000088d00000, 0x0000000088e00000|  0%| F|  |TAMS 0x0000000088d00000, 0x0000000088d00000| Untracked 
| 116|0x0000000088e00000, 0x0000000088e00000, 0x0000000088f00000|  0%| F|  |TAMS 0x0000000088e00000, 0x0000000088e00000| Untracked 
| 117|0x0000000088f00000, 0x0000000088f00000, 0x0000000089000000|  0%| F|  |TAMS 0x0000000088f00000, 0x0000000088f00000| Untracked 
| 118|0x0000000089000000, 0x0000000089000000, 0x0000000089100000|  0%| F|  |TAMS 0x0000000089000000, 0x0000000089000000| Untracked 
| 119|0x0000000089100000, 0x0000000089100000, 0x0000000089200000|  0%| F|  |TAMS 0x0000000089100000, 0x0000000089100000| Untracked 
| 120|0x0000000089200000, 0x0000000089200000, 0x0000000089300000|  0%| F|  |TAMS 0x0000000089200000, 0x0000000089200000| Untracked 
| 121|0x0000000089300000, 0x0000000089300000, 0x0000000089400000|  0%| F|  |TAMS 0x0000000089300000, 0x0000000089300000| Untracked 
| 122|0x0000000089400000, 0x0000000089400000, 0x0000000089500000|  0%| F|  |TAMS 0x0000000089400000, 0x0000000089400000| Untracked 
| 123|0x0000000089500000, 0x0000000089500000, 0x0000000089600000|  0%| F|  |TAMS 0x0000000089500000, 0x0000000089500000| Untracked 
| 124|0x0000000089600000, 0x0000000089600000, 0x0000000089700000|  0%| F|  |TAMS 0x0000000089600000, 0x0000000089600000| Untracked 
| 125|0x0000000089700000, 0x00000000897ec360, 0x0000000089800000| 92%| E|  |TAMS 0x0000000089700000, 0x0000000089700000| Complete 
| 126|0x0000000089800000, 0x0000000089900000, 0x0000000089900000|100%| E|CS|TAMS 0x0000000089800000, 0x0000000089800000| Complete 
| 127|0x0000000089900000, 0x0000000089a00000, 0x0000000089a00000|100%| E|CS|TAMS 0x0000000089900000, 0x0000000089900000| Complete 

Card table byte_map: [0x000001e03bc10000,0x000001e03c010000] _byte_map_base: 0x000001e03b803000

Marking Bits (Prev, Next): (CMBitMap*) 0x000001e028de4560, (CMBitMap*) 0x000001e028de45a0
 Prev Bits: [0x000001e03c410000, 0x000001e03e3a8000)
 Next Bits: [0x000001e03e3b0000, 0x000001e040348000)

Polling page: 0x000001e026f10000

Metaspace:

Usage:
  Non-class:      6.50 MB used.
      Class:    645.31 KB used.
       Both:      7.13 MB used.

Virtual space:
  Non-class space:        8.00 MB reserved,       6.62 MB ( 83%) committed,  1 nodes.
      Class space:        1.00 GB reserved,     704.00 KB ( <1%) committed,  1 nodes.
             Both:        1.01 GB reserved,       7.31 MB ( <1%) committed. 

Chunk freelists:
   Non-Class:  1018.00 KB
       Class:  3.23 MB
        Both:  4.23 MB

MaxMetaspaceSize: unlimited
CompressedClassSpaceSize: 1.00 GB
Initial GC threshold: 21.00 MB
Current GC threshold: 21.00 MB
CDS: off
MetaspaceReclaimPolicy: balanced
 - commit_granule_bytes: 65536.
 - commit_granule_words: 8192.
 - virtual_space_node_default_size: 1048576.
 - enlarge_chunks_in_place: 1.
 - new_chunks_are_fully_committed: 0.
 - uncommit_free_chunks: 1.
 - use_allocation_guard: 0.
 - handle_deallocations: 1.


Internal statistics:

num_allocs_failed_limit: 0.
num_arena_births: 10.
num_arena_deaths: 0.
num_vsnodes_births: 2.
num_vsnodes_deaths: 0.
num_space_committed: 117.
num_space_uncommitted: 0.
num_chunks_returned_to_freelist: 0.
num_chunks_taken_from_freelist: 33.
num_chunk_merges: 0.
num_chunk_splits: 15.
num_chunks_enlarged: 6.
num_purges: 0.
num_inconsistent_stats: 0.

CodeHeap 'non-profiled nmethods': size=120000Kb used=63Kb max_used=63Kb free=119936Kb
 bounds [0x000001e033fb0000, 0x000001e034220000, 0x000001e03b4e0000]
CodeHeap 'profiled nmethods': size=120000Kb used=387Kb max_used=387Kb free=119612Kb
 bounds [0x000001e02ca80000, 0x000001e02ccf0000, 0x000001e033fb0000]
CodeHeap 'non-nmethods': size=5760Kb used=1107Kb max_used=1107Kb free=4652Kb
 bounds [0x000001e02c4e0000, 0x000001e02c750000, 0x000001e02ca80000]
 total_blobs=633 nmethods=249 adapters=297
 compilation: enabled
              stopped_count=0, restarted_count=0
 full_count=0

Compilation events (20 events):
Event: 0.367 Thread 0x000001e043895b90  180       3       java.lang.String::<init> (14 bytes)
Event: 0.368 Thread 0x000001e043895b90 nmethod 180 0x000001e02cac7e10 code [0x000001e02cac7fc0, 0x000001e02cac81d8]
Event: 0.368 Thread 0x000001e043895b90  182       3       java.io.DataInputStream::readUTF (5 bytes)
Event: 0.368 Thread 0x000001e043895b90 nmethod 182 0x000001e02cac8310 code [0x000001e02cac84a0, 0x000001e02cac85c8]
Event: 0.368 Thread 0x000001e043895b90  183       3       java.io.DataInputStream::readUnsignedShort (39 bytes)
Event: 0.368 Thread 0x000001e043895b90 nmethod 183 0x000001e02cac8690 code [0x000001e02cac8860, 0x000001e02cac8bc8]
Event: 0.368 Thread 0x000001e043895b90  188       3       java.util.zip.Checksum::update (11 bytes)
Event: 0.368 Thread 0x000001e043895b90 nmethod 188 0x000001e02cac8d10 code [0x000001e02cac8ec0, 0x000001e02cac90c8]
Event: 0.368 Thread 0x000001e043895b90  189       3       java.util.zip.CRC32::update (51 bytes)
Event: 0.369 Thread 0x000001e043895b90 nmethod 189 0x000001e02cac9210 code [0x000001e02cac9400, 0x000001e02cac9828]
Event: 0.369 Thread 0x000001e043895b90  190       3       java.util.zip.CRC32::updateBytes (14 bytes)
Event: 0.369 Thread 0x000001e043895b90 nmethod 190 0x000001e02cac9a10 code [0x000001e02cac9bc0, 0x000001e02cac9d28]
Event: 0.369 Thread 0x000001e043895b90  191       3       java.util.zip.CRC32::updateBytesCheck (55 bytes)
Event: 0.370 Thread 0x000001e043895b90 nmethod 191 0x000001e02cac9e10 code [0x000001e02caca000, 0x000001e02caca488]
Event: 0.373 Thread 0x000001e043895b90  192       3       sun.util.locale.LocaleUtils::isUpper (18 bytes)
Event: 0.374 Thread 0x000001e043895b90 nmethod 192 0x000001e02caca690 code [0x000001e02caca820, 0x000001e02caca998]
Event: 0.374 Thread 0x000001e043895b90  193   !   3       java.lang.ref.ReferenceQueue::poll (28 bytes)
Event: 0.374 Thread 0x000001e043895b90 nmethod 193 0x000001e02cacaa10 code [0x000001e02cacabc0, 0x000001e02cacae48]
Event: 0.374 Thread 0x000001e043895b90  194       1       sun.util.locale.BaseLocale::getLanguage (5 bytes)
Event: 0.374 Thread 0x000001e043895b90 nmethod 194 0x000001e033fbad10 code [0x000001e033fbaea0, 0x000001e033fbaf78]

GC Heap History (0 events):
No events

Deoptimization events (20 events):
Event: 0.211 Thread 0x000001e028d88810 DEOPT PACKING pc=0x000001e02ca9b30c sp=0x000000acebcfa140
Event: 0.211 Thread 0x000001e028d88810 DEOPT UNPACKING pc=0x000001e02c532b43 sp=0x000000acebcf95d0 mode 0
Event: 0.211 Thread 0x000001e028d88810 DEOPT PACKING pc=0x000001e02ca9b30c sp=0x000000acebcfa140
Event: 0.211 Thread 0x000001e028d88810 DEOPT UNPACKING pc=0x000001e02c532b43 sp=0x000000acebcf95d0 mode 0
Event: 0.211 Thread 0x000001e028d88810 DEOPT PACKING pc=0x000001e02ca9b30c sp=0x000000acebcfa140
Event: 0.211 Thread 0x000001e028d88810 DEOPT UNPACKING pc=0x000001e02c532b43 sp=0x000000acebcf95d0 mode 0
Event: 0.211 Thread 0x000001e028d88810 DEOPT PACKING pc=0x000001e02ca9b30c sp=0x000000acebcfa140
Event: 0.211 Thread 0x000001e028d88810 DEOPT UNPACKING pc=0x000001e02c532b43 sp=0x000000acebcf95d0 mode 0
Event: 0.211 Thread 0x000001e028d88810 DEOPT PACKING pc=0x000001e02ca9b30c sp=0x000000acebcfa140
Event: 0.211 Thread 0x000001e028d88810 DEOPT UNPACKING pc=0x000001e02c532b43 sp=0x000000acebcf95d0 mode 0
Event: 0.212 Thread 0x000001e028d88810 DEOPT PACKING pc=0x000001e02ca9b30c sp=0x000000acebcfa140
Event: 0.212 Thread 0x000001e028d88810 DEOPT UNPACKING pc=0x000001e02c532b43 sp=0x000000acebcf95d0 mode 0
Event: 0.212 Thread 0x000001e028d88810 DEOPT PACKING pc=0x000001e02ca9b30c sp=0x000000acebcfa140
Event: 0.212 Thread 0x000001e028d88810 DEOPT UNPACKING pc=0x000001e02c532b43 sp=0x000000acebcf95d0 mode 0
Event: 0.212 Thread 0x000001e028d88810 DEOPT PACKING pc=0x000001e02ca9b30c sp=0x000000acebcfa140
Event: 0.212 Thread 0x000001e028d88810 DEOPT UNPACKING pc=0x000001e02c532b43 sp=0x000000acebcf95d0 mode 0
Event: 0.212 Thread 0x000001e028d88810 DEOPT PACKING pc=0x000001e02ca9b30c sp=0x000000acebcfa140
Event: 0.212 Thread 0x000001e028d88810 DEOPT UNPACKING pc=0x000001e02c532b43 sp=0x000000acebcf95d0 mode 0
Event: 0.212 Thread 0x000001e028d88810 DEOPT PACKING pc=0x000001e02ca9b30c sp=0x000000acebcfa140
Event: 0.212 Thread 0x000001e028d88810 DEOPT UNPACKING pc=0x000001e02c532b43 sp=0x000000acebcf95d0 mode 0

Classes unloaded (0 events):
No events

Classes redefined (0 events):
No events

Internal exceptions (0 events):
No events

VM Operations (6 events):
Event: 0.265 Executing VM operation: HandshakeAllThreads
Event: 0.265 Executing VM operation: HandshakeAllThreads done
Event: 0.265 Executing VM operation: HandshakeAllThreads
Event: 0.265 Executing VM operation: HandshakeAllThreads done
Event: 0.347 Executing VM operation: HandshakeAllThreads
Event: 0.347 Executing VM operation: HandshakeAllThreads done

Events (20 events):
Event: 0.371 loading class sun/util/locale/provider/ResourceBundleBasedAdapter
Event: 0.371 loading class sun/util/locale/provider/ResourceBundleBasedAdapter done
Event: 0.371 loading class sun/util/locale/provider/JRELocaleProviderAdapter done
Event: 0.371 loading class sun/util/cldr/CLDRLocaleProviderAdapter done
Event: 0.371 loading class sun/util/cldr/CLDRBaseLocaleDataMetaInfo
Event: 0.372 loading class sun/util/locale/provider/LocaleDataMetaInfo
Event: 0.372 loading class sun/util/locale/provider/LocaleDataMetaInfo done
Event: 0.372 loading class sun/util/cldr/CLDRBaseLocaleDataMetaInfo done
Event: 0.372 loading class sun/util/locale/LanguageTag
Event: 0.372 loading class sun/util/locale/LanguageTag done
Event: 0.372 loading class sun/util/locale/ParseStatus
Event: 0.372 loading class sun/util/locale/ParseStatus done
Event: 0.372 loading class sun/util/locale/StringTokenIterator
Event: 0.372 loading class sun/util/locale/StringTokenIterator done
Event: 0.373 loading class sun/util/locale/InternalLocaleBuilder
Event: 0.373 loading class sun/util/locale/InternalLocaleBuilder done
Event: 0.373 loading class sun/util/locale/InternalLocaleBuilder$CaseInsensitiveChar
Event: 0.373 loading class sun/util/locale/InternalLocaleBuilder$CaseInsensitiveChar done
Event: 0.375 loading class java/lang/invoke/LambdaMetafactory
Event: 0.375 loading class java/lang/invoke/LambdaMetafactory done


Dynamic libraries:
0x00007ff7b97f0000 - 0x00007ff7b97fa000 	C:\Program Files\JetBrains\IntelliJ IDEA Community Edition 2022.2.1\jbr\bin\java.exe
0x00007fffc1a70000 - 0x00007fffc1c68000 	C:\WINDOWS\SYSTEM32\ntdll.dll
0x00007fffc0740000 - 0x00007fffc07fd000 	C:\WINDOWS\System32\KERNEL32.DLL
0x00007fffbf190000 - 0x00007fffbf45e000 	C:\WINDOWS\System32\KERNELBASE.dll
0x00007fffbf9d0000 - 0x00007fffbfad0000 	C:\WINDOWS\System32\ucrtbase.dll
0x00007fff92540000 - 0x00007fff92557000 	C:\Program Files\JetBrains\IntelliJ IDEA Community Edition 2022.2.1\jbr\bin\jli.dll
0x00007fff91c70000 - 0x00007fff91c8b000 	C:\Program Files\JetBrains\IntelliJ IDEA Community Edition 2022.2.1\jbr\bin\VCRUNTIME140.dll
0x00007fffc0480000 - 0x00007fffc0620000 	C:\WINDOWS\System32\USER32.dll
0x00007fffbf610000 - 0x00007fffbf632000 	C:\WINDOWS\System32\win32u.dll
0x00007fffa2830000 - 0x00007fffa2aca000 	C:\WINDOWS\WinSxS\amd64_microsoft.windows.common-controls_6595b64144ccf1df_6.0.19041.1110_none_60b5254171f9507e\COMCTL32.dll
0x00007fffc0710000 - 0x00007fffc073a000 	C:\WINDOWS\System32\GDI32.dll
0x00007fffbfad0000 - 0x00007fffbfb6e000 	C:\WINDOWS\System32\msvcrt.dll
0x00007fffbf460000 - 0x00007fffbf56b000 	C:\WINDOWS\System32\gdi32full.dll
0x00007fffbf570000 - 0x00007fffbf60d000 	C:\WINDOWS\System32\msvcp_win.dll
0x00007fffc1190000 - 0x00007fffc11c0000 	C:\WINDOWS\System32\IMM32.DLL
0x00007fffb7d90000 - 0x00007fffb7d9c000 	C:\Program Files\JetBrains\IntelliJ IDEA Community Edition 2022.2.1\jbr\bin\vcruntime140_1.dll
0x00007fff79ff0000 - 0x00007fff7a07d000 	C:\Program Files\JetBrains\IntelliJ IDEA Community Edition 2022.2.1\jbr\bin\msvcp140.dll
0x00007fff64160000 - 0x00007fff64dc8000 	C:\Program Files\JetBrains\IntelliJ IDEA Community Edition 2022.2.1\jbr\bin\server\jvm.dll
0x00007fffc0800000 - 0x00007fffc08ae000 	C:\WINDOWS\System32\ADVAPI32.dll
0x00007fffc1990000 - 0x00007fffc1a2c000 	C:\WINDOWS\System32\sechost.dll
0x00007fffbfdd0000 - 0x00007fffbfef5000 	C:\WINDOWS\System32\RPCRT4.dll
0x00007fffc15b0000 - 0x00007fffc15b8000 	C:\WINDOWS\System32\PSAPI.DLL
0x00007fff99e10000 - 0x00007fff99e37000 	C:\WINDOWS\SYSTEM32\WINMM.dll
0x00007fffb8ed0000 - 0x00007fffb8ed9000 	C:\WINDOWS\SYSTEM32\WSOCK32.dll
0x00007fffb8970000 - 0x00007fffb897a000 	C:\WINDOWS\SYSTEM32\VERSION.dll
0x00007fffc1920000 - 0x00007fffc198b000 	C:\WINDOWS\System32\WS2_32.dll
0x00007fffbd9d0000 - 0x00007fffbd9e2000 	C:\WINDOWS\SYSTEM32\kernel.appcore.dll
0x00007fffb8e20000 - 0x00007fffb8e2a000 	C:\Program Files\JetBrains\IntelliJ IDEA Community Edition 2022.2.1\jbr\bin\jimage.dll
0x00007fffbcf50000 - 0x00007fffbd134000 	C:\WINDOWS\SYSTEM32\DBGHELP.DLL
0x00007fffb62c0000 - 0x00007fffb62ec000 	C:\WINDOWS\SYSTEM32\dbgcore.DLL
0x00007fffbf810000 - 0x00007fffbf892000 	C:\WINDOWS\System32\bcryptPrimitives.dll
0x00007fffb7840000 - 0x00007fffb7865000 	C:\Program Files\JetBrains\IntelliJ IDEA Community Edition 2022.2.1\jbr\bin\java.dll
0x00007fffb7ed0000 - 0x00007fffb7ee8000 	C:\Program Files\JetBrains\IntelliJ IDEA Community Edition 2022.2.1\jbr\bin\zip.dll
0x00007fffc0910000 - 0x00007fffc1053000 	C:\WINDOWS\System32\SHELL32.dll
0x00007fffbd140000 - 0x00007fffbd8d5000 	C:\WINDOWS\SYSTEM32\windows.storage.dll
0x00007fffc15c0000 - 0x00007fffc1914000 	C:\WINDOWS\System32\combase.dll
0x00007fffbeb20000 - 0x00007fffbeb50000 	C:\WINDOWS\SYSTEM32\Wldp.dll
0x00007fffbfb70000 - 0x00007fffbfc1d000 	C:\WINDOWS\System32\SHCORE.dll
0x00007fffbfc20000 - 0x00007fffbfc75000 	C:\WINDOWS\System32\shlwapi.dll
0x00007fffbf0d0000 - 0x00007fffbf0ef000 	C:\WINDOWS\SYSTEM32\profapi.dll
0x00007fffb7d10000 - 0x00007fffb7d29000 	C:\Program Files\JetBrains\IntelliJ IDEA Community Edition 2022.2.1\jbr\bin\net.dll
0x00007fffb5ed0000 - 0x00007fffb5fda000 	C:\WINDOWS\SYSTEM32\WINHTTP.dll
0x00007fffbe830000 - 0x00007fffbe89a000 	C:\WINDOWS\system32\mswsock.dll
0x00007fffb78a0000 - 0x00007fffb78b6000 	C:\Program Files\JetBrains\IntelliJ IDEA Community Edition 2022.2.1\jbr\bin\nio.dll
0x00007fffb81b0000 - 0x00007fffb81c0000 	C:\Program Files\JetBrains\IntelliJ IDEA Community Edition 2022.2.1\jbr\bin\verify.dll

dbghelp: loaded successfully - version: 4.0.5 - missing functions: none
symbol engine: initialized successfully - sym options: 0x614 - pdb path: .;C:\Program Files\JetBrains\IntelliJ IDEA Community Edition 2022.2.1\jbr\bin;C:\WINDOWS\SYSTEM32;C:\WINDOWS\WinSxS\amd64_microsoft.windows.common-controls_6595b64144ccf1df_6.0.19041.1110_none_60b5254171f9507e;C:\Program Files\JetBrains\IntelliJ IDEA Community Edition 2022.2.1\jbr\bin\server

VM Arguments:
java_command: git4idea.http.GitAskPassApp Username for 'https://github.com': 
java_class_path (initial): C:/Program Files/JetBrains/IntelliJ IDEA Community Edition 2022.2.1/plugins/git4idea/lib/git4idea-rt.jar;C:/Program Files/JetBrains/IntelliJ IDEA Community Edition 2022.2.1/lib/externalProcess-rt.jar;C:/Program Files/JetBrains/IntelliJ IDEA Community Edition 2022.2.1/lib/app.jar;C:/Program Files/JetBrains/IntelliJ IDEA Community Edition 2022.2.1/lib/3rd-party-rt.jar
Launcher Type: SUN_STANDARD

[Global flags]
     intx CICompilerCount                          = 4                                         {product} {ergonomic}
     uint ConcGCThreads                            = 2                                         {product} {ergonomic}
     uint G1ConcRefinementThreads                  = 8                                         {product} {ergonomic}
   size_t G1HeapRegionSize                         = 1048576                                   {product} {ergonomic}
    uintx GCDrainStackTargetSize                   = 64                                        {product} {ergonomic}
   size_t InitialHeapSize                          = 134217728                                 {product} {ergonomic}
   size_t MarkStackSize                            = 4194304                                   {product} {ergonomic}
   size_t MaxHeapSize                              = 2120220672                                {product} {ergonomic}
   size_t MaxNewSize                               = 1271922688                                {product} {ergonomic}
   size_t MinHeapDeltaBytes                        = 1048576                                   {product} {ergonomic}
   size_t MinHeapSize                              = 8388608                                   {product} {ergonomic}
    uintx NonNMethodCodeHeapSize                   = 5839372                                {pd product} {ergonomic}
    uintx NonProfiledCodeHeapSize                  = 122909434                              {pd product} {ergonomic}
    uintx ProfiledCodeHeapSize                     = 122909434                              {pd product} {ergonomic}
    uintx ReservedCodeCacheSize                    = 251658240                              {pd product} {ergonomic}
     bool SegmentedCodeCache                       = true                                      {product} {ergonomic}
   size_t SoftMaxHeapSize                          = 2120220672                             {manageable} {ergonomic}
     bool UseCompressedClassPointers               = true                           {product lp64_product} {ergonomic}
     bool UseCompressedOops                        = true                           {product lp64_product} {ergonomic}
     bool UseG1GC                                  = true                                      {product} {ergonomic}
     bool UseLargePagesIndividualAllocation        = false                                  {pd product} {ergonomic}

Logging:
Log output configuration:
 #0: stdout all=warning uptime,level,tags
 #1: stderr all=off uptime,level,tags

Environment Variables:
PATH=C:\Program Files\Git\mingw64\libexec\git-core;C:\Program Files\Git\mingw64\libexec\git-core;C:\Program Files\Git\mingw64\bin;C:\Program Files\Git\usr\bin;C:\Users\marli\bin;C:\Python310\Scripts;C:\Python310;C:\Program Files (x86)\Common Files\Oracle\Java\javapath;C:\Program Files (x86)\Intel\Intel(R) Management Engine Components\iCLS;C:\Program Files\Intel\Intel(R) Management Engine Components\iCLS;C:\WINDOWS\system32;C:\WINDOWS;C:\WINDOWS\System32\Wbem;C:\WINDOWS\System32\WindowsPowerShell\v1.0;C:\WINDOWS\System32\OpenSSH;C:\Program Files (x86)\Intel\Intel(R) Management Engine Components\DAL;C:\Program Files\Intel\Intel(R) Management Engine Components\DAL;C:\Program Files\Git\cmd;C:\Program Files\nodejs;C:\ProgramData\chocolatey\bin;C:\Users\marli\AppData\Local\Programs\Python\Python38\Scripts;C:\Users\marli\AppData\Local\Programs\Python\Python38;C:\Users\marli\AppData\Local\Microsoft\WindowsApps;C:\Users\marli\AppData\Local\Programs\Microsoft VS Code\bin;C:\xampp\php;C:\Users\marli\AppData\Roaming\npm;C:\msys64\mingw64\bin
USERNAME=marli
DISPLAY=:0.0
LC_ALL=en_US.UTF-8
OS=Windows_NT
PROCESSOR_IDENTIFIER=Intel64 Family 6 Model 142 Stepping 11, GenuineIntel



---------------  S Y S T E M  ---------------

OS:
 Windows 10 , 64 bit Build 19041 (10.0.19041.1889)
OS uptime: 10 days 14:42 hours
Hyper-V role detected

CPU: total 8 (initial active 8) (4 cores per cpu, 2 threads per core) family 6 model 142 stepping 11 microcode 0xae, cx8, cmov, fxsr, ht, mmx, 3dnowpref, sse, sse2, sse3, ssse3, sse4.1, sse4.2, popcnt, lzcnt, tsc, tscinvbit, avx, avx2, aes, erms, clmul, bmi1, bmi2, adx, fma, vzeroupper, clflush, clflushopt, hv

Memory: 4k page, system-wide physical 8080M (210M free)
TotalPageFile size 32656M (AvailPageFile size 2M)
current process WorkingSet (physical memory assigned to process): 51M, peak: 51M
current process commit charge ("private bytes"): 209M, peak: 209M

vm_info: OpenJDK 64-Bit Server VM (17.0.3+7-b469.37) for windows-amd64 JRE (17.0.3+7-b469.37), built on 2022-08-01 by "builduser" with MS VC++ 16.10 / 16.11 (VS2019)

END.
